<?xml version="1.0" encoding="UTF-8"?>
<!-- Generated by org.testng.reporters.JUnitXMLReporter -->
<testsuite ignored="0" hostname="DESKTOP-O949GMR" failures="0" tests="7" name="Default test" time="201.703" errors="0" timestamp="2025-03-10T23:22:45 IST">
  <testcase classname="com.crm.qa.testcases.ContactsPageTest" name="contactLabelTest" time="0.397"/>
  <testcase classname="com.crm.qa.testcases.ContactsPageTest" name="selectSingleContactTest" time="1.093"/>
  <testcase classname="com.crm.qa.testcases.ContactsPageTest" name="selectMultipleContactsTest" time="1.412"/>
  <testcase classname="com.crm.qa.testcases.ContactsPageTest" name="createContactTest" time="3.739"/>
  <testcase classname="com.crm.qa.testcases.ContactsPageTest" name="createContactTest" time="4.269"/>
  <testcase classname="com.crm.qa.testcases.ContactsPageTest" name="createContactTest" time="4.042"/>
  <testcase classname="com.crm.qa.testcases.ContactsPageTest" name="createContactTest" time="4.297"/>
</testsuite> <!-- Default test -->
