<?xml version="1.0" encoding="UTF-8"?>
<!-- Generated by org.testng.reporters.JUnitXMLReporter -->
<testsuite ignored="2" hostname="DESKTOP-O949GMR" failures="0" tests="1" name="Default test" time="25.471" errors="0" timestamp="2025-03-07T00:04:44 IST">
  <testcase classname="com.crm.qa.testcases.HomePageTest" name="gotoContactsPageTest" time="0.78"/>
  <testcase classname="com.crm.qa.testcases.HomePageTest" name="userNameTest" time="0.0">
    <ignored/>
  </testcase> <!-- userNameTest -->
  <testcase classname="com.crm.qa.testcases.HomePageTest" name="homePageTitleTest" time="0.0">
    <ignored/>
  </testcase> <!-- homePageTitleTest -->
</testsuite> <!-- Default test -->
