<?xml version="1.0" encoding="UTF-8"?>
<testng-results ignored="2" total="3" passed="1" failed="0" skipped="0">
  <reporter-output>
  </reporter-output>
  <suite started-at="2025-03-07T00:04:19 IST" name="Default suite" finished-at="2025-03-07T00:04:44 IST" duration-ms="25471">
    <groups>
    </groups>
    <test started-at="2025-03-07T00:04:19 IST" name="Default test" finished-at="2025-03-07T00:04:44 IST" duration-ms="25471">
      <class name="com.crm.qa.testcases.HomePageTest">
        <test-method is-config="true" signature="setUp()[pri:0, instance:com.crm.qa.testcases.HomePageTest@24313fcc]" started-at="2025-03-07T00:04:19 IST" name="setUp" finished-at="2025-03-07T00:04:41 IST" duration-ms="22384" status="PASS">
          <reporter-output>
          </reporter-output>
        </test-method> <!-- setUp -->
        <test-method signature="gotoContactsPageTest()[pri:3, instance:com.crm.qa.testcases.HomePageTest@24313fcc]" started-at="2025-03-07T00:04:41 IST" name="gotoContactsPageTest" finished-at="2025-03-07T00:04:42 IST" duration-ms="780" status="PASS">
          <reporter-output>
          </reporter-output>
        </test-method> <!-- gotoContactsPageTest -->
        <test-method is-config="true" signature="tearDown()[pri:0, instance:com.crm.qa.testcases.HomePageTest@24313fcc]" started-at="2025-03-07T00:04:42 IST" name="tearDown" finished-at="2025-03-07T00:04:44 IST" duration-ms="2251" status="PASS">
          <reporter-output>
          </reporter-output>
        </test-method> <!-- tearDown -->
      </class> <!-- com.crm.qa.testcases.HomePageTest -->
    </test> <!-- Default test -->
  </suite> <!-- Default suite -->
</testng-results>
