<?xml version="1.0" encoding="UTF-8"?>
<testng-results ignored="0" total="7" passed="7" failed="0" skipped="0">
  <reporter-output>
  </reporter-output>
  <suite started-at="2025-03-10T23:19:24 IST" name="Default suite" finished-at="2025-03-10T23:22:45 IST" duration-ms="201703">
    <groups>
    </groups>
    <test started-at="2025-03-10T23:19:24 IST" name="Default test" finished-at="2025-03-10T23:22:45 IST" duration-ms="201703">
      <class name="com.crm.qa.testcases.ContactsPageTest">
        <test-method is-config="true" signature="setUp()[pri:0, instance:com.crm.qa.testcases.ContactsPageTest@22fcf7ab]" started-at="2025-03-10T23:19:24 IST" name="setUp" finished-at="2025-03-10T23:19:45 IST" duration-ms="21525" status="PASS">
          <reporter-output>
          </reporter-output>
        </test-method> <!-- setUp -->
        <test-method signature="contactLabelTest()[pri:1, instance:com.crm.qa.testcases.ContactsPageTest@22fcf7ab]" started-at="2025-03-10T23:19:45 IST" name="contactLabelTest" finished-at="2025-03-10T23:19:46 IST" duration-ms="397" status="PASS">
          <reporter-output>
          </reporter-output>
        </test-method> <!-- contactLabelTest -->
        <test-method is-config="true" signature="tearDown()[pri:0, instance:com.crm.qa.testcases.ContactsPageTest@22fcf7ab]" started-at="2025-03-10T23:19:46 IST" name="tearDown" finished-at="2025-03-10T23:19:52 IST" duration-ms="5865" status="PASS">
          <reporter-output>
          </reporter-output>
        </test-method> <!-- tearDown -->
        <test-method is-config="true" signature="setUp()[pri:0, instance:com.crm.qa.testcases.ContactsPageTest@22fcf7ab]" started-at="2025-03-10T23:19:52 IST" name="setUp" finished-at="2025-03-10T23:20:13 IST" duration-ms="21018" status="PASS">
          <reporter-output>
          </reporter-output>
        </test-method> <!-- setUp -->
        <test-method signature="selectSingleContactTest()[pri:2, instance:com.crm.qa.testcases.ContactsPageTest@22fcf7ab]" started-at="2025-03-10T23:20:13 IST" name="selectSingleContactTest" finished-at="2025-03-10T23:20:14 IST" duration-ms="1093" status="PASS">
          <reporter-output>
          </reporter-output>
        </test-method> <!-- selectSingleContactTest -->
        <test-method is-config="true" signature="tearDown()[pri:0, instance:com.crm.qa.testcases.ContactsPageTest@22fcf7ab]" started-at="2025-03-10T23:20:14 IST" name="tearDown" finished-at="2025-03-10T23:20:18 IST" duration-ms="4275" status="PASS">
          <reporter-output>
          </reporter-output>
        </test-method> <!-- tearDown -->
        <test-method is-config="true" signature="setUp()[pri:0, instance:com.crm.qa.testcases.ContactsPageTest@22fcf7ab]" started-at="2025-03-10T23:20:18 IST" name="setUp" finished-at="2025-03-10T23:20:39 IST" duration-ms="21187" status="PASS">
          <reporter-output>
          </reporter-output>
        </test-method> <!-- setUp -->
        <test-method signature="selectMultipleContactsTest()[pri:3, instance:com.crm.qa.testcases.ContactsPageTest@22fcf7ab]" started-at="2025-03-10T23:20:39 IST" name="selectMultipleContactsTest" finished-at="2025-03-10T23:20:41 IST" duration-ms="1412" status="PASS">
          <reporter-output>
          </reporter-output>
        </test-method> <!-- selectMultipleContactsTest -->
        <test-method is-config="true" signature="tearDown()[pri:0, instance:com.crm.qa.testcases.ContactsPageTest@22fcf7ab]" started-at="2025-03-10T23:20:41 IST" name="tearDown" finished-at="2025-03-10T23:20:45 IST" duration-ms="4299" status="PASS">
          <reporter-output>
          </reporter-output>
        </test-method> <!-- tearDown -->
        <test-method is-config="true" signature="setUp()[pri:0, instance:com.crm.qa.testcases.ContactsPageTest@22fcf7ab]" started-at="2025-03-10T23:20:46 IST" name="setUp" finished-at="2025-03-10T23:21:08 IST" duration-ms="21448" status="PASS">
          <reporter-output>
          </reporter-output>
        </test-method> <!-- setUp -->
        <test-method signature="createContactTest(java.lang.String,java.lang.String,java.lang.String,java.lang.String)[pri:4, instance:com.crm.qa.testcases.ContactsPageTest@22fcf7ab]" started-at="2025-03-10T23:21:08 IST" name="createContactTest" data-provider="getData" finished-at="2025-03-10T23:21:12 IST" duration-ms="3739" status="PASS">
          <params>
            <param index="0">
              <value>
                <![CDATA[Mr.]]>
              </value>
            </param>
            <param index="1">
              <value>
                <![CDATA[Ace]]>
              </value>
            </param>
            <param index="2">
              <value>
                <![CDATA[Kazuki]]>
              </value>
            </param>
            <param index="3">
              <value>
                <![CDATA[SCOG]]>
              </value>
            </param>
          </params>
          <reporter-output>
          </reporter-output>
        </test-method> <!-- createContactTest -->
        <test-method is-config="true" signature="tearDown()[pri:0, instance:com.crm.qa.testcases.ContactsPageTest@22fcf7ab]" started-at="2025-03-10T23:21:12 IST" name="tearDown" finished-at="2025-03-10T23:21:16 IST" duration-ms="4303" status="PASS">
          <reporter-output>
          </reporter-output>
        </test-method> <!-- tearDown -->
        <test-method is-config="true" signature="setUp()[pri:0, instance:com.crm.qa.testcases.ContactsPageTest@22fcf7ab]" started-at="2025-03-10T23:21:16 IST" name="setUp" finished-at="2025-03-10T23:21:37 IST" duration-ms="21289" status="PASS">
          <reporter-output>
          </reporter-output>
        </test-method> <!-- setUp -->
        <test-method signature="createContactTest(java.lang.String,java.lang.String,java.lang.String,java.lang.String)[pri:4, instance:com.crm.qa.testcases.ContactsPageTest@22fcf7ab]" started-at="2025-03-10T23:21:37 IST" name="createContactTest" data-provider="getData" finished-at="2025-03-10T23:21:41 IST" duration-ms="4269" status="PASS">
          <params>
            <param index="0">
              <value>
                <![CDATA[Mr.]]>
              </value>
            </param>
            <param index="1">
              <value>
                <![CDATA[Kim]]>
              </value>
            </param>
            <param index="2">
              <value>
                <![CDATA[Jiwo]]>
              </value>
            </param>
            <param index="3">
              <value>
                <![CDATA[SCOG]]>
              </value>
            </param>
          </params>
          <reporter-output>
          </reporter-output>
        </test-method> <!-- createContactTest -->
        <test-method is-config="true" signature="tearDown()[pri:0, instance:com.crm.qa.testcases.ContactsPageTest@22fcf7ab]" started-at="2025-03-10T23:21:41 IST" name="tearDown" finished-at="2025-03-10T23:21:46 IST" duration-ms="4305" status="PASS">
          <reporter-output>
          </reporter-output>
        </test-method> <!-- tearDown -->
        <test-method is-config="true" signature="setUp()[pri:0, instance:com.crm.qa.testcases.ContactsPageTest@22fcf7ab]" started-at="2025-03-10T23:21:46 IST" name="setUp" finished-at="2025-03-10T23:22:07 IST" duration-ms="21369" status="PASS">
          <reporter-output>
          </reporter-output>
        </test-method> <!-- setUp -->
        <test-method signature="createContactTest(java.lang.String,java.lang.String,java.lang.String,java.lang.String)[pri:4, instance:com.crm.qa.testcases.ContactsPageTest@22fcf7ab]" started-at="2025-03-10T23:22:07 IST" name="createContactTest" data-provider="getData" finished-at="2025-03-10T23:22:11 IST" duration-ms="4042" status="PASS">
          <params>
            <param index="0">
              <value>
                <![CDATA[Miss]]>
              </value>
            </param>
            <param index="1">
              <value>
                <![CDATA[Nico]]>
              </value>
            </param>
            <param index="2">
              <value>
                <![CDATA[Robin]]>
              </value>
            </param>
            <param index="3">
              <value>
                <![CDATA[OP]]>
              </value>
            </param>
          </params>
          <reporter-output>
          </reporter-output>
        </test-method> <!-- createContactTest -->
        <test-method is-config="true" signature="tearDown()[pri:0, instance:com.crm.qa.testcases.ContactsPageTest@22fcf7ab]" started-at="2025-03-10T23:22:11 IST" name="tearDown" finished-at="2025-03-10T23:22:15 IST" duration-ms="4308" status="PASS">
          <reporter-output>
          </reporter-output>
        </test-method> <!-- tearDown -->
        <test-method is-config="true" signature="setUp()[pri:0, instance:com.crm.qa.testcases.ContactsPageTest@22fcf7ab]" started-at="2025-03-10T23:22:15 IST" name="setUp" finished-at="2025-03-10T23:22:37 IST" duration-ms="21369" status="PASS">
          <reporter-output>
          </reporter-output>
        </test-method> <!-- setUp -->
        <test-method signature="createContactTest(java.lang.String,java.lang.String,java.lang.String,java.lang.String)[pri:4, instance:com.crm.qa.testcases.ContactsPageTest@22fcf7ab]" started-at="2025-03-10T23:22:37 IST" name="createContactTest" data-provider="getData" finished-at="2025-03-10T23:22:41 IST" duration-ms="4297" status="PASS">
          <params>
            <param index="0">
              <value>
                <![CDATA[Mr.]]>
              </value>
            </param>
            <param index="1">
              <value>
                <![CDATA[Portgas]]>
              </value>
            </param>
            <param index="2">
              <value>
                <![CDATA[D Ace]]>
              </value>
            </param>
            <param index="3">
              <value>
                <![CDATA[OP]]>
              </value>
            </param>
          </params>
          <reporter-output>
          </reporter-output>
        </test-method> <!-- createContactTest -->
        <test-method is-config="true" signature="tearDown()[pri:0, instance:com.crm.qa.testcases.ContactsPageTest@22fcf7ab]" started-at="2025-03-10T23:22:41 IST" name="tearDown" finished-at="2025-03-10T23:22:45 IST" duration-ms="4257" status="PASS">
          <reporter-output>
          </reporter-output>
        </test-method> <!-- tearDown -->
      </class> <!-- com.crm.qa.testcases.ContactsPageTest -->
    </test> <!-- Default test -->
  </suite> <!-- Default suite -->
</testng-results>
